<?xml version="1.0" encoding="UTF-8"?>
<testsuite xmlns:xsi="http://www.w3.org/2001/XMLSchema-instance" xsi:noNamespaceSchemaLocation="https://maven.apache.org/surefire/maven-surefire-plugin/xsd/surefire-test-report-3.0.xsd" version="3.0" name="br.com.desconto.service.DescontoServiceTest" time="0.0" tests="3" errors="0" skipped="0" failures="0">
  <properties>
    <property name="java.specification.version" value="17"/>
    <property name="sun.cpu.isalist" value="amd64"/>
    <property name="sun.jnu.encoding" value="Cp1252"/>
    <property name="java.class.path" value="C:\Users\Paulo Roberto Bomm\Desktop\Biopark\3º Trimestre\TESTE DE SOFTWARE - PROF ANDRE DORR\Exercício\desconto-app\target\test-classes;C:\Users\Paulo Roberto Bomm\Desktop\Biopark\3º Trimestre\TESTE DE SOFTWARE - PROF ANDRE DORR\Exercício\desconto-app\target\classes;C:\Users\Paulo Roberto Bomm\.m2\repository\junit\junit\4.12\junit-4.12.jar;C:\Users\Paulo Roberto Bomm\.m2\repository\org\hamcrest\hamcrest-core\1.3\hamcrest-core-1.3.jar;"/>
    <property name="java.vm.vendor" value="Oracle Corporation"/>
    <property name="sun.arch.data.model" value="64"/>
    <property name="user.variant" value=""/>
    <property name="java.vendor.url" value="https://java.oracle.com/"/>
    <property name="user.timezone" value="America/Sao_Paulo"/>
    <property name="os.name" value="Windows 11"/>
    <property name="java.vm.specification.version" value="17"/>
    <property name="sun.java.launcher" value="SUN_STANDARD"/>
    <property name="user.country" value="BR"/>
    <property name="sun.boot.library.path" value="C:\Program Files\Java\jdk-17\bin"/>
    <property name="sun.java.command" value="C:\Users\Paulo Roberto Bomm\AppData\Local\Temp\surefire4648595216577963595\surefirebooter-20250325212650138_3.jar C:\Users\Paulo Roberto Bomm\AppData\Local\Temp\surefire4648595216577963595 2025-03-25T21-26-50_025-jvmRun1 surefire-20250325212650138_1tmp surefire_0-20250325212650138_2tmp"/>
    <property name="jdk.debug" value="release"/>
    <property name="surefire.test.class.path" value="C:\Users\Paulo Roberto Bomm\Desktop\Biopark\3º Trimestre\TESTE DE SOFTWARE - PROF ANDRE DORR\Exercício\desconto-app\target\test-classes;C:\Users\Paulo Roberto Bomm\Desktop\Biopark\3º Trimestre\TESTE DE SOFTWARE - PROF ANDRE DORR\Exercício\desconto-app\target\classes;C:\Users\Paulo Roberto Bomm\.m2\repository\junit\junit\4.12\junit-4.12.jar;C:\Users\Paulo Roberto Bomm\.m2\repository\org\hamcrest\hamcrest-core\1.3\hamcrest-core-1.3.jar;"/>
    <property name="sun.cpu.endian" value="little"/>
    <property name="user.home" value="C:\Users\Paulo Roberto Bomm"/>
    <property name="user.language" value="pt"/>
    <property name="java.specification.vendor" value="Oracle Corporation"/>
    <property name="java.version.date" value="2024-04-16"/>
    <property name="java.home" value="C:\Program Files\Java\jdk-17"/>
    <property name="file.separator" value="\"/>
    <property name="basedir" value="C:\Users\Paulo Roberto Bomm\Desktop\Biopark\3º Trimestre\TESTE DE SOFTWARE - PROF ANDRE DORR\Exercício\desconto-app"/>
    <property name="java.vm.compressedOopsMode" value="Zero based"/>
    <property name="line.separator" value="&#10;"/>
    <property name="java.vm.specification.vendor" value="Oracle Corporation"/>
    <property name="java.specification.name" value="Java Platform API Specification"/>
    <property name="surefire.real.class.path" value="C:\Users\Paulo Roberto Bomm\AppData\Local\Temp\surefire4648595216577963595\surefirebooter-20250325212650138_3.jar"/>
    <property name="user.script" value=""/>
    <property name="sun.management.compiler" value="HotSpot 64-Bit Tiered Compilers"/>
    <property name="java.runtime.version" value="17.0.11+7-LTS-207"/>
    <property name="user.name" value="Paulo Roberto Bomm"/>
    <property name="path.separator" value=";"/>
    <property name="os.version" value="10.0"/>
    <property name="java.runtime.name" value="Java(TM) SE Runtime Environment"/>
    <property name="file.encoding" value="Cp1252"/>
    <property name="java.vm.name" value="Java HotSpot(TM) 64-Bit Server VM"/>
    <property name="localRepository" value="C:\Users\Paulo Roberto Bomm\.m2\repository"/>
    <property name="java.vendor.url.bug" value="https://bugreport.java.com/bugreport/"/>
    <property name="java.io.tmpdir" value="C:\Users\PAULOR~1\AppData\Local\Temp\"/>
    <property name="java.version" value="17.0.11"/>
    <property name="user.dir" value="C:\Users\Paulo Roberto Bomm\Desktop\Biopark\3º Trimestre\TESTE DE SOFTWARE - PROF ANDRE DORR\Exercício\desconto-app"/>
    <property name="os.arch" value="amd64"/>
    <property name="java.vm.specification.name" value="Java Virtual Machine Specification"/>
    <property name="sun.os.patch.level" value=""/>
    <property name="native.encoding" value="Cp1252"/>
    <property name="java.library.path" value="C:\Program Files\Java\jdk-17\bin;C:\WINDOWS\Sun\Java\bin;C:\WINDOWS\system32;C:\WINDOWS;C:\Python312\Scripts\;C:\Python312\;C:\Program Files\Common Files\Oracle\Java\javapath;C:\WINDOWS\system32;C:\WINDOWS;C:\WINDOWS\System32\Wbem;C:\WINDOWS\System32\WindowsPowerShell\v1.0\;C:\WINDOWS\System32\OpenSSH\;C:\Program Files\dotnet\;C:\Program Files (x86)\NVIDIA Corporation\PhysX\Common;C:\MinGW\bin;C:\ProgramData\chocolatey\bin;C:\Program Files\nodejs\;C:\Program Files\Java\jdk-17\bin;C:\Program Files\Docker\Docker\resources\bin;C:\Program Files\Git\cmd;C:\apache-maven-3.9.9\bin;C:\Program Files\Java\jdk-11\bin;C:\Users\Paulo Roberto Bomm\AppData\Local\Microsoft\WindowsApps;C:\Users\Paulo Roberto Bomm\AppData\Local\Programs\Microsoft VS Code\bin;C:\Program Files\JetBrains\IntelliJ IDEA 2024.1.4\bin;;C:\Users\Paulo Roberto Bomm\AppData\Roaming\npm;;."/>
    <property name="java.vm.info" value="mixed mode, sharing"/>
    <property name="java.vendor" value="Oracle Corporation"/>
    <property name="java.vm.version" value="17.0.11+7-LTS-207"/>
    <property name="sun.io.unicode.encoding" value="UnicodeLittle"/>
    <property name="java.class.version" value="61.0"/>
  </properties>
  <testcase name="testDescontoZero" classname="br.com.desconto.service.DescontoServiceTest" time="0.0"/>
  <testcase name="testCalcularDesconto" classname="br.com.desconto.service.DescontoServiceTest" time="0.0"/>
  <testcase name="testDescontoInvalido" classname="br.com.desconto.service.DescontoServiceTest" time="0.0"/>
</testsuite>